Flutter crash report; please file at https://github.com/flutter/flutter/issues.

## command

flutter build aot --suppress-analytics --quiet --target /Users/skatsikian/Projects/Flutter/cine_reel/lib/main.dart --target-platform android-arm --output-dir /Users/skatsikian/Projects/Flutter/cine_reel/build/app/intermediates/flutter/release --target-platform android-arm64 --release

## exception

FileSystemException: FileSystemException: Cannot open file, path = '/Users/skatsikian/Projects/Flutter/cine_reel/build/app/intermediates/flutter/release/frontend_server.d' (OS Error: No such file or directory, errno = 2)

```
#0      _File.open.<anonymous closure> (dart:io/file_impl.dart:368:9)
#1      _rootRunUnary (dart:async/zone.dart:1132:38)
#2      _CustomZone.runUnary (dart:async/zone.dart:1029:19)
#3      _FutureListener.handleValue (dart:async/future_impl.dart:129:18)
#4      Future._propagateToListeners.handleValueCallback (dart:async/future_impl.dart:642:45)
#5      Future._propagateToListeners (dart:async/future_impl.dart:671:32)
#6      Future._completeWithValue (dart:async/future_impl.dart:486:5)
#7      Future._asyncComplete.<anonymous closure> (dart:async/future_impl.dart:516:7)
#8      _rootRun (dart:async/zone.dart:1124:13)
#9      _CustomZone.run (dart:async/zone.dart:1021:19)
#10     _CustomZone.bindCallback.<anonymous closure> (dart:async/zone.dart:947:23)
#11     _microtaskLoop (dart:async/schedule_microtask.dart:41:21)
#12     _startMicrotaskLoop (dart:async/schedule_microtask.dart:50:5)
#13     _runPendingImmediateCallback (dart:isolate/runtime/libisolate_patch.dart:115:13)
#14     _RawReceivePortImpl._handleMessage (dart:isolate/runtime/libisolate_patch.dart:172:5)
```

## flutter doctor

```
[✓] Flutter (Channel beta, v0.9.4, on Mac OS X 10.13.3 17D47, locale en-GB)
    • Flutter version 0.9.4 at /Users/skatsikian/flutter
    • Framework revision f37c235c32 (5 weeks ago), 2018-09-25 17:45:40 -0400
    • Engine revision 74625aed32
    • Dart version 2.1.0-dev.5.0.flutter-a2eb050044

[✓] Android toolchain - develop for Android devices (Android SDK 28.0.3)
    • Android SDK at /Users/skatsikian/Library/Android/sdk
    • Android NDK location not configured (optional; useful for native profiling support)
    • Platform android-28, build-tools 28.0.3
    • ANDROID_HOME = /Users/skatsikian/Library/Android/sdk
    • Java binary at: /Applications/Android Studio 3.app/Contents/jre/jdk/Contents/Home/bin/java
    • Java version OpenJDK Runtime Environment (build 1.8.0_152-release-1136-b06)
    • All Android licenses accepted.

[!] iOS toolchain - develop for iOS devices
    ✗ Xcode installation is incomplete; a full installation is necessary for iOS development.
      Download at: https://developer.apple.com/xcode/download/
      Or install Xcode via the App Store.
      Once installed, run:
        sudo xcode-select --switch /Applications/Xcode.app/Contents/Developer
    ✗ libimobiledevice and ideviceinstaller are not installed. To install, run:
        brew install --HEAD libimobiledevice
        brew install ideviceinstaller
    ✗ ios-deploy not installed. To install:
        brew install ios-deploy
    ✗ CocoaPods not installed.
        CocoaPods is used to retrieve the iOS platform side's plugin code that responds to your plugin usage on the Dart side.
        Without resolving iOS dependencies with CocoaPods, plugins will not work on iOS.
        For more info, see https://flutter.io/platform-plugins
      To install:
        brew install cocoapods
        pod setup

[✓] Android Studio
    • Android Studio at /Applications/Android Studio 3.2 Preview.app/Contents
    ✗ Flutter plugin not installed; this adds Flutter specific functionality.
    ✗ Dart plugin not installed; this adds Dart specific functionality.
    • Java version OpenJDK Runtime Environment (build 1.8.0_152-release-1136-b01)

[✓] Android Studio (version 3.2)
    • Android Studio at /Applications/Android Studio 3.app/Contents
    • Flutter plugin version 29.1.1
    • Dart plugin version 181.5656
    • Java version OpenJDK Runtime Environment (build 1.8.0_152-release-1136-b06)

[✓] IntelliJ IDEA Community Edition (version 2018.1.5)
    • IntelliJ at /Applications/IntelliJ IDEA CE.app
    • Flutter plugin version 24.2.2
    • Dart plugin version 181.4892.1

[✓] VS Code (version 1.25.1)
    • VS Code at /Applications/Visual Studio Code.app/Contents
    • Flutter extension version 2.17.1

[✓] Connected devices (1 available)
    • ONEPLUS A5010 • e314398 • android-arm64 • Android 8.1.0 (API 27)

! Doctor found issues in 1 category.
```
